{"/home/jhhernan/node/artisthubserver/src/app.js": {"path":"/home/jhhernan/node/artisthubserver/src/app.js","statementMap":{"0":{"start":{"line":1,"column":16},"end":{"line":1,"column":34}},"1":{"start":{"line":2,"column":12},"end":{"line":2,"column":27}},"2":{"start":{"line":3,"column":19},"end":{"line":3,"column":43}},"3":{"start":{"line":4,"column":19},"end":{"line":4,"column":43}},"4":{"start":{"line":5,"column":23},"end":{"line":5,"column":51}},"5":{"start":{"line":6,"column":21},"end":{"line":6,"column":39}},"6":{"start":{"line":8,"column":0},"end":{"line":8,"column":15}},"7":{"start":{"line":11,"column":12},"end":{"line":11,"column":21}},"8":{"start":{"line":12,"column":0},"end":{"line":12,"column":16}},"9":{"start":{"line":13,"column":0},"end":{"line":13,"column":24}},"10":{"start":{"line":14,"column":0},"end":{"line":14,"column":34}},"11":{"start":{"line":16,"column":0},"end":{"line":18,"column":2}},"12":{"start":{"line":17,"column":4},"end":{"line":17,"column":24}},"13":{"start":{"line":20,"column":0},"end":{"line":20,"column":29}},"14":{"start":{"line":21,"column":0},"end":{"line":21,"column":30}},"15":{"start":{"line":22,"column":0},"end":{"line":22,"column":37}},"16":{"start":{"line":24,"column":0},"end":{"line":24,"column":21}}},"fnMap":{"0":{"name":"(anonymous_0)","decl":{"start":{"line":16,"column":13},"end":{"line":16,"column":14}},"loc":{"start":{"line":16,"column":27},"end":{"line":18,"column":1}},"line":16}},"branchMap":{},"s":{"0":4,"1":4,"2":4,"3":4,"4":4,"5":4,"6":4,"7":4,"8":4,"9":4,"10":4,"11":4,"12":1,"13":4,"14":4,"15":4,"16":4},"f":{"0":1},"b":{},"_coverageSchema":"1a1c01bbd47fc00a2c39e90264f33305004495a9","hash":"4c499e32d4c320234035c60a6d767631e6e312ca"}
,"/home/jhhernan/node/artisthubserver/src/db.js": {"path":"/home/jhhernan/node/artisthubserver/src/db.js","statementMap":{"0":{"start":{"line":1,"column":17},"end":{"line":1,"column":36}},"1":{"start":{"line":5,"column":20},"end":{"line":8,"column":5}},"2":{"start":{"line":11,"column":4},"end":{"line":11,"column":53}},"3":{"start":{"line":13,"column":25},"end":{"line":13,"column":33}},"4":{"start":{"line":15,"column":4},"end":{"line":15,"column":104}},"5":{"start":{"line":15,"column":34},"end":{"line":15,"column":102}},"6":{"start":{"line":16,"column":4},"end":{"line":16,"column":64}},"7":{"start":{"line":16,"column":36},"end":{"line":16,"column":62}},"8":{"start":{"line":18,"column":4},"end":{"line":18,"column":22}},"9":{"start":{"line":22,"column":0},"end":{"line":22,"column":30}}},"fnMap":{"0":{"name":"initDatabase","decl":{"start":{"line":3,"column":9},"end":{"line":3,"column":21}},"loc":{"start":{"line":3,"column":23},"end":{"line":19,"column":1}},"line":3},"1":{"name":"(anonymous_1)","decl":{"start":{"line":15,"column":28},"end":{"line":15,"column":29}},"loc":{"start":{"line":15,"column":34},"end":{"line":15,"column":102}},"line":15},"2":{"name":"(anonymous_2)","decl":{"start":{"line":16,"column":27},"end":{"line":16,"column":28}},"loc":{"start":{"line":16,"column":36},"end":{"line":16,"column":62}},"line":16}},"branchMap":{},"s":{"0":4,"1":4,"2":4,"3":4,"4":4,"5":4,"6":4,"7":0,"8":4,"9":4},"f":{"0":4,"1":4,"2":0},"b":{},"_coverageSchema":"1a1c01bbd47fc00a2c39e90264f33305004495a9","hash":"2c50289e7382a39df741e20f1ebe105a9d4e0b73"}
,"/home/jhhernan/node/artisthubserver/src/controllers/post.controller.js": {"path":"/home/jhhernan/node/artisthubserver/src/controllers/post.controller.js","statementMap":{"0":{"start":{"line":1,"column":13},"end":{"line":1,"column":44}},"1":{"start":{"line":4,"column":0},"end":{"line":76,"column":1}},"2":{"start":{"line":6,"column":21},"end":{"line":6,"column":32}},"3":{"start":{"line":7,"column":21},"end":{"line":7,"column":53}},"4":{"start":{"line":8,"column":8},"end":{"line":8,"column":36}},"5":{"start":{"line":11,"column":8},"end":{"line":18,"column":9}},"6":{"start":{"line":13,"column":31},"end":{"line":13,"column":52}},"7":{"start":{"line":14,"column":25},"end":{"line":14,"column":88}},"8":{"start":{"line":15,"column":12},"end":{"line":15,"column":39}},"9":{"start":{"line":17,"column":12},"end":{"line":17,"column":61}},"10":{"start":{"line":21,"column":8},"end":{"line":37,"column":9}},"11":{"start":{"line":23,"column":12},"end":{"line":28,"column":13}},"12":{"start":{"line":24,"column":16},"end":{"line":24,"column":51}},"13":{"start":{"line":25,"column":16},"end":{"line":25,"column":52}},"14":{"start":{"line":27,"column":16},"end":{"line":27,"column":41}},"15":{"start":{"line":29,"column":27},"end":{"line":31,"column":13}},"16":{"start":{"line":32,"column":27},"end":{"line":32,"column":44}},"17":{"start":{"line":33,"column":25},"end":{"line":33,"column":80}},"18":{"start":{"line":34,"column":12},"end":{"line":34,"column":39}},"19":{"start":{"line":36,"column":12},"end":{"line":36,"column":61}},"20":{"start":{"line":42,"column":8},"end":{"line":49,"column":9}},"21":{"start":{"line":43,"column":27},"end":{"line":43,"column":44}},"22":{"start":{"line":44,"column":25},"end":{"line":44,"column":62}},"23":{"start":{"line":45,"column":12},"end":{"line":45,"column":39}},"24":{"start":{"line":48,"column":12},"end":{"line":48,"column":61}},"25":{"start":{"line":53,"column":32},"end":{"line":53,"column":58}},"26":{"start":{"line":54,"column":22},"end":{"line":54,"column":70}},"27":{"start":{"line":55,"column":8},"end":{"line":55,"column":36}},"28":{"start":{"line":58,"column":29},"end":{"line":58,"column":52}},"29":{"start":{"line":59,"column":22},"end":{"line":59,"column":64}},"30":{"start":{"line":60,"column":8},"end":{"line":60,"column":36}},"31":{"start":{"line":63,"column":23},"end":{"line":63,"column":40}},"32":{"start":{"line":64,"column":21},"end":{"line":64,"column":57}},"33":{"start":{"line":65,"column":8},"end":{"line":65,"column":35}},"34":{"start":{"line":68,"column":29},"end":{"line":68,"column":52}},"35":{"start":{"line":69,"column":32},"end":{"line":69,"column":58}},"36":{"start":{"line":70,"column":22},"end":{"line":70,"column":94}},"37":{"start":{"line":71,"column":8},"end":{"line":71,"column":36}}},"fnMap":{"0":{"name":"(anonymous_0)","decl":{"start":{"line":5,"column":4},"end":{"line":5,"column":5}},"loc":{"start":{"line":5,"column":24},"end":{"line":9,"column":5}},"line":5},"1":{"name":"(anonymous_1)","decl":{"start":{"line":10,"column":4},"end":{"line":10,"column":5}},"loc":{"start":{"line":10,"column":26},"end":{"line":19,"column":5}},"line":10},"2":{"name":"(anonymous_2)","decl":{"start":{"line":20,"column":4},"end":{"line":20,"column":5}},"loc":{"start":{"line":20,"column":27},"end":{"line":39,"column":5}},"line":20},"3":{"name":"(anonymous_3)","decl":{"start":{"line":40,"column":4},"end":{"line":40,"column":5}},"loc":{"start":{"line":40,"column":25},"end":{"line":50,"column":5}},"line":40},"4":{"name":"(anonymous_4)","decl":{"start":{"line":51,"column":4},"end":{"line":51,"column":5}},"loc":{"start":{"line":51,"column":28},"end":{"line":56,"column":5}},"line":51},"5":{"name":"(anonymous_5)","decl":{"start":{"line":57,"column":4},"end":{"line":57,"column":5}},"loc":{"start":{"line":57,"column":36},"end":{"line":61,"column":5}},"line":57},"6":{"name":"(anonymous_6)","decl":{"start":{"line":62,"column":4},"end":{"line":62,"column":5}},"loc":{"start":{"line":62,"column":27},"end":{"line":66,"column":5}},"line":62},"7":{"name":"(anonymous_7)","decl":{"start":{"line":67,"column":4},"end":{"line":67,"column":5}},"loc":{"start":{"line":67,"column":36},"end":{"line":72,"column":5}},"line":67}},"branchMap":{"0":{"loc":{"start":{"line":23,"column":12},"end":{"line":28,"column":13}},"type":"if","locations":[{"start":{"line":23,"column":12},"end":{"line":28,"column":13}},{"start":{"line":23,"column":12},"end":{"line":28,"column":13}}],"line":23}},"s":{"0":4,"1":4,"2":1,"3":1,"4":1,"5":9,"6":9,"7":9,"8":8,"9":1,"10":2,"11":2,"12":1,"13":1,"14":1,"15":2,"16":2,"17":2,"18":2,"19":0,"20":1,"21":1,"22":1,"23":1,"24":0,"25":1,"26":1,"27":1,"28":1,"29":1,"30":1,"31":1,"32":1,"33":1,"34":1,"35":1,"36":1,"37":1},"f":{"0":1,"1":9,"2":2,"3":1,"4":1,"5":1,"6":1,"7":1},"b":{"0":[1,1]},"_coverageSchema":"1a1c01bbd47fc00a2c39e90264f33305004495a9","hash":"48f9c715fdb64d62afa1a16e5b3fb7a43fc2c52b"}
,"/home/jhhernan/node/artisthubserver/src/controllers/provider.controller.js": {"path":"/home/jhhernan/node/artisthubserver/src/controllers/provider.controller.js","statementMap":{"0":{"start":{"line":1,"column":17},"end":{"line":1,"column":52}},"1":{"start":{"line":2,"column":15},"end":{"line":2,"column":34}},"2":{"start":{"line":3,"column":12},"end":{"line":3,"column":35}},"3":{"start":{"line":5,"column":0},"end":{"line":72,"column":1}},"4":{"start":{"line":7,"column":25},"end":{"line":7,"column":46}},"5":{"start":{"line":8,"column":8},"end":{"line":8,"column":40}},"6":{"start":{"line":11,"column":8},"end":{"line":29,"column":9}},"7":{"start":{"line":12,"column":12},"end":{"line":14,"column":13}},"8":{"start":{"line":13,"column":16},"end":{"line":13,"column":55}},"9":{"start":{"line":15,"column":12},"end":{"line":17,"column":13}},"10":{"start":{"line":16,"column":16},"end":{"line":16,"column":52}},"11":{"start":{"line":19,"column":29},"end":{"line":19,"column":69}},"12":{"start":{"line":20,"column":26},"end":{"line":20,"column":54}},"13":{"start":{"line":21,"column":29},"end":{"line":21,"column":84}},"14":{"start":{"line":23,"column":26},"end":{"line":23,"column":108}},"15":{"start":{"line":25,"column":12},"end":{"line":25,"column":40}},"16":{"start":{"line":28,"column":12},"end":{"line":28,"column":61}},"17":{"start":{"line":32,"column":8},"end":{"line":51,"column":9}},"18":{"start":{"line":34,"column":29},"end":{"line":34,"column":91}},"19":{"start":{"line":35,"column":12},"end":{"line":37,"column":13}},"20":{"start":{"line":36,"column":16},"end":{"line":36,"column":51}},"21":{"start":{"line":39,"column":29},"end":{"line":39,"column":46}},"22":{"start":{"line":40,"column":27},"end":{"line":40,"column":76}},"23":{"start":{"line":41,"column":12},"end":{"line":46,"column":13}},"24":{"start":{"line":42,"column":30},"end":{"line":42,"column":109}},"25":{"start":{"line":43,"column":16},"end":{"line":43,"column":45}},"26":{"start":{"line":45,"column":16},"end":{"line":45,"column":60}},"27":{"start":{"line":50,"column":12},"end":{"line":50,"column":61}},"28":{"start":{"line":54,"column":23},"end":{"line":56,"column":9}},"29":{"start":{"line":57,"column":23},"end":{"line":57,"column":34}},"30":{"start":{"line":58,"column":25},"end":{"line":58,"column":84}},"31":{"start":{"line":59,"column":8},"end":{"line":59,"column":39}},"32":{"start":{"line":62,"column":23},"end":{"line":62,"column":34}},"33":{"start":{"line":63,"column":25},"end":{"line":63,"column":66}},"34":{"start":{"line":64,"column":8},"end":{"line":64,"column":39}},"35":{"start":{"line":67,"column":23},"end":{"line":67,"column":34}},"36":{"start":{"line":68,"column":25},"end":{"line":68,"column":65}},"37":{"start":{"line":69,"column":8},"end":{"line":69,"column":39}}},"fnMap":{"0":{"name":"(anonymous_0)","decl":{"start":{"line":6,"column":4},"end":{"line":6,"column":5}},"loc":{"start":{"line":6,"column":24},"end":{"line":9,"column":5}},"line":6},"1":{"name":"(anonymous_1)","decl":{"start":{"line":10,"column":4},"end":{"line":10,"column":5}},"loc":{"start":{"line":10,"column":27},"end":{"line":30,"column":5}},"line":10},"2":{"name":"(anonymous_2)","decl":{"start":{"line":31,"column":4},"end":{"line":31,"column":5}},"loc":{"start":{"line":31,"column":25},"end":{"line":52,"column":5}},"line":31},"3":{"name":"(anonymous_3)","decl":{"start":{"line":53,"column":4},"end":{"line":53,"column":5}},"loc":{"start":{"line":53,"column":27},"end":{"line":60,"column":5}},"line":53},"4":{"name":"(anonymous_4)","decl":{"start":{"line":61,"column":4},"end":{"line":61,"column":5}},"loc":{"start":{"line":61,"column":25},"end":{"line":65,"column":5}},"line":61},"5":{"name":"(anonymous_5)","decl":{"start":{"line":66,"column":4},"end":{"line":66,"column":5}},"loc":{"start":{"line":66,"column":27},"end":{"line":70,"column":5}},"line":66}},"branchMap":{"0":{"loc":{"start":{"line":12,"column":12},"end":{"line":14,"column":13}},"type":"if","locations":[{"start":{"line":12,"column":12},"end":{"line":14,"column":13}},{"start":{"line":12,"column":12},"end":{"line":14,"column":13}}],"line":12},"1":{"loc":{"start":{"line":15,"column":12},"end":{"line":17,"column":13}},"type":"if","locations":[{"start":{"line":15,"column":12},"end":{"line":17,"column":13}},{"start":{"line":15,"column":12},"end":{"line":17,"column":13}}],"line":15},"2":{"loc":{"start":{"line":35,"column":12},"end":{"line":37,"column":13}},"type":"if","locations":[{"start":{"line":35,"column":12},"end":{"line":37,"column":13}},{"start":{"line":35,"column":12},"end":{"line":37,"column":13}}],"line":35},"3":{"loc":{"start":{"line":41,"column":12},"end":{"line":46,"column":13}},"type":"if","locations":[{"start":{"line":41,"column":12},"end":{"line":46,"column":13}},{"start":{"line":41,"column":12},"end":{"line":46,"column":13}}],"line":41}},"s":{"0":4,"1":4,"2":4,"3":4,"4":1,"5":1,"6":8,"7":8,"8":1,"9":7,"10":1,"11":6,"12":6,"13":6,"14":5,"15":5,"16":3,"17":3,"18":3,"19":3,"20":1,"21":2,"22":2,"23":2,"24":1,"25":1,"26":1,"27":1,"28":1,"29":1,"30":1,"31":1,"32":1,"33":1,"34":1,"35":1,"36":1,"37":1},"f":{"0":1,"1":8,"2":3,"3":1,"4":1,"5":1},"b":{"0":[1,7],"1":[1,6],"2":[1,2],"3":[1,1]},"_coverageSchema":"1a1c01bbd47fc00a2c39e90264f33305004495a9","hash":"bbe1d7fa4046c5abf1b26ed7192c0e73af17e08f"}
,"/home/jhhernan/node/artisthubserver/src/controllers/user.controller.js": {"path":"/home/jhhernan/node/artisthubserver/src/controllers/user.controller.js","statementMap":{"0":{"start":{"line":1,"column":13},"end":{"line":1,"column":44}},"1":{"start":{"line":2,"column":15},"end":{"line":2,"column":34}},"2":{"start":{"line":3,"column":12},"end":{"line":3,"column":35}},"3":{"start":{"line":5,"column":0},"end":{"line":62,"column":1}},"4":{"start":{"line":7,"column":21},"end":{"line":7,"column":38}},"5":{"start":{"line":8,"column":8},"end":{"line":8,"column":36}},"6":{"start":{"line":11,"column":8},"end":{"line":22,"column":9}},"7":{"start":{"line":12,"column":25},"end":{"line":12,"column":64}},"8":{"start":{"line":13,"column":22},"end":{"line":13,"column":50}},"9":{"start":{"line":14,"column":21},"end":{"line":14,"column":70}},"10":{"start":{"line":16,"column":22},"end":{"line":16,"column":97}},"11":{"start":{"line":19,"column":8},"end":{"line":19,"column":36}},"12":{"start":{"line":21,"column":12},"end":{"line":21,"column":40}},"13":{"start":{"line":25,"column":8},"end":{"line":42,"column":9}},"14":{"start":{"line":26,"column":25},"end":{"line":26,"column":83}},"15":{"start":{"line":27,"column":12},"end":{"line":29,"column":13}},"16":{"start":{"line":28,"column":16},"end":{"line":28,"column":51}},"17":{"start":{"line":31,"column":29},"end":{"line":31,"column":42}},"18":{"start":{"line":32,"column":27},"end":{"line":32,"column":76}},"19":{"start":{"line":33,"column":12},"end":{"line":38,"column":13}},"20":{"start":{"line":34,"column":30},"end":{"line":34,"column":105}},"21":{"start":{"line":35,"column":16},"end":{"line":35,"column":44}},"22":{"start":{"line":37,"column":16},"end":{"line":37,"column":60}},"23":{"start":{"line":41,"column":13},"end":{"line":41,"column":62}},"24":{"start":{"line":45,"column":23},"end":{"line":47,"column":9}},"25":{"start":{"line":48,"column":23},"end":{"line":48,"column":34}},"26":{"start":{"line":49,"column":21},"end":{"line":49,"column":76}},"27":{"start":{"line":50,"column":8},"end":{"line":50,"column":35}},"28":{"start":{"line":53,"column":23},"end":{"line":53,"column":34}},"29":{"start":{"line":54,"column":21},"end":{"line":54,"column":58}},"30":{"start":{"line":55,"column":8},"end":{"line":55,"column":35}},"31":{"start":{"line":58,"column":23},"end":{"line":58,"column":34}},"32":{"start":{"line":59,"column":21},"end":{"line":59,"column":57}},"33":{"start":{"line":60,"column":8},"end":{"line":60,"column":35}}},"fnMap":{"0":{"name":"(anonymous_0)","decl":{"start":{"line":6,"column":4},"end":{"line":6,"column":5}},"loc":{"start":{"line":6,"column":24},"end":{"line":9,"column":5}},"line":6},"1":{"name":"(anonymous_1)","decl":{"start":{"line":10,"column":4},"end":{"line":10,"column":5}},"loc":{"start":{"line":10,"column":26},"end":{"line":23,"column":5}},"line":10},"2":{"name":"(anonymous_2)","decl":{"start":{"line":24,"column":4},"end":{"line":24,"column":5}},"loc":{"start":{"line":24,"column":25},"end":{"line":43,"column":5}},"line":24},"3":{"name":"(anonymous_3)","decl":{"start":{"line":44,"column":4},"end":{"line":44,"column":5}},"loc":{"start":{"line":44,"column":27},"end":{"line":51,"column":5}},"line":44},"4":{"name":"(anonymous_4)","decl":{"start":{"line":52,"column":4},"end":{"line":52,"column":5}},"loc":{"start":{"line":52,"column":25},"end":{"line":56,"column":5}},"line":52},"5":{"name":"(anonymous_5)","decl":{"start":{"line":57,"column":4},"end":{"line":57,"column":5}},"loc":{"start":{"line":57,"column":27},"end":{"line":61,"column":5}},"line":57}},"branchMap":{"0":{"loc":{"start":{"line":27,"column":12},"end":{"line":29,"column":13}},"type":"if","locations":[{"start":{"line":27,"column":12},"end":{"line":29,"column":13}},{"start":{"line":27,"column":12},"end":{"line":29,"column":13}}],"line":27},"1":{"loc":{"start":{"line":33,"column":12},"end":{"line":38,"column":13}},"type":"if","locations":[{"start":{"line":33,"column":12},"end":{"line":38,"column":13}},{"start":{"line":33,"column":12},"end":{"line":38,"column":13}}],"line":33}},"s":{"0":4,"1":4,"2":4,"3":4,"4":1,"5":1,"6":9,"7":9,"8":9,"9":9,"10":6,"11":6,"12":3,"13":3,"14":3,"15":3,"16":1,"17":2,"18":2,"19":2,"20":1,"21":1,"22":1,"23":1,"24":1,"25":1,"26":1,"27":1,"28":1,"29":1,"30":1,"31":1,"32":1,"33":1},"f":{"0":1,"1":9,"2":3,"3":1,"4":1,"5":1},"b":{"0":[1,2],"1":[1,1]},"_coverageSchema":"1a1c01bbd47fc00a2c39e90264f33305004495a9","hash":"2aca5b3fa640d072f318869856d4e8e92ed88dc8"}
,"/home/jhhernan/node/artisthubserver/src/models/post.model.js": {"path":"/home/jhhernan/node/artisthubserver/src/models/post.model.js","statementMap":{"0":{"start":{"line":1,"column":26},"end":{"line":1,"column":45}},"1":{"start":{"line":3,"column":19},"end":{"line":28,"column":2}},"2":{"start":{"line":30,"column":13},"end":{"line":30,"column":38}},"3":{"start":{"line":32,"column":0},"end":{"line":32,"column":22}}},"fnMap":{},"branchMap":{},"s":{"0":4,"1":4,"2":4,"3":4},"f":{},"b":{},"_coverageSchema":"1a1c01bbd47fc00a2c39e90264f33305004495a9","hash":"c09652d28a03c2a5c053621e20bf2b531f1f9c1c"}
,"/home/jhhernan/node/artisthubserver/src/models/provider.model.js": {"path":"/home/jhhernan/node/artisthubserver/src/models/provider.model.js","statementMap":{"0":{"start":{"line":1,"column":32},"end":{"line":1,"column":51}},"1":{"start":{"line":3,"column":20},"end":{"line":10,"column":3}},"2":{"start":{"line":5,"column":6},"end":{"line":7,"column":28}},"3":{"start":{"line":6,"column":22},"end":{"line":6,"column":27}},"4":{"start":{"line":7,"column":21},"end":{"line":7,"column":26}},"5":{"start":{"line":11,"column":23},"end":{"line":39,"column":2}},"6":{"start":{"line":41,"column":17},"end":{"line":41,"column":50}},"7":{"start":{"line":43,"column":0},"end":{"line":43,"column":26}}},"fnMap":{"0":{"name":"(anonymous_0)","decl":{"start":{"line":4,"column":4},"end":{"line":4,"column":5}},"loc":{"start":{"line":4,"column":21},"end":{"line":8,"column":5}},"line":4},"1":{"name":"(anonymous_1)","decl":{"start":{"line":6,"column":14},"end":{"line":6,"column":15}},"loc":{"start":{"line":6,"column":22},"end":{"line":6,"column":27}},"line":6},"2":{"name":"(anonymous_2)","decl":{"start":{"line":7,"column":15},"end":{"line":7,"column":16}},"loc":{"start":{"line":7,"column":21},"end":{"line":7,"column":26}},"line":7}},"branchMap":{},"s":{"0":4,"1":4,"2":9,"3":9,"4":0,"5":4,"6":4,"7":4},"f":{"0":9,"1":9,"2":0},"b":{},"_coverageSchema":"1a1c01bbd47fc00a2c39e90264f33305004495a9","hash":"f58e3e607946b4f1874c2058ebe62db4179fa242"}
,"/home/jhhernan/node/artisthubserver/src/models/user.model.js": {"path":"/home/jhhernan/node/artisthubserver/src/models/user.model.js","statementMap":{"0":{"start":{"line":1,"column":33},"end":{"line":1,"column":52}},"1":{"start":{"line":4,"column":18},"end":{"line":4,"column":171}},"2":{"start":{"line":6,"column":20},"end":{"line":13,"column":3}},"3":{"start":{"line":8,"column":6},"end":{"line":10,"column":28}},"4":{"start":{"line":9,"column":22},"end":{"line":9,"column":27}},"5":{"start":{"line":10,"column":21},"end":{"line":10,"column":26}},"6":{"start":{"line":15,"column":19},"end":{"line":42,"column":2}},"7":{"start":{"line":44,"column":13},"end":{"line":44,"column":38}},"8":{"start":{"line":46,"column":0},"end":{"line":46,"column":22}}},"fnMap":{"0":{"name":"(anonymous_0)","decl":{"start":{"line":7,"column":4},"end":{"line":7,"column":5}},"loc":{"start":{"line":7,"column":21},"end":{"line":11,"column":5}},"line":7},"1":{"name":"(anonymous_1)","decl":{"start":{"line":9,"column":14},"end":{"line":9,"column":15}},"loc":{"start":{"line":9,"column":22},"end":{"line":9,"column":27}},"line":9},"2":{"name":"(anonymous_2)","decl":{"start":{"line":10,"column":15},"end":{"line":10,"column":16}},"loc":{"start":{"line":10,"column":21},"end":{"line":10,"column":26}},"line":10}},"branchMap":{},"s":{"0":4,"1":4,"2":4,"3":13,"4":13,"5":0,"6":4,"7":4,"8":4},"f":{"0":13,"1":13,"2":0},"b":{},"_coverageSchema":"1a1c01bbd47fc00a2c39e90264f33305004495a9","hash":"6ba43dfbbb2da33ae89a1f279ed6f7561ef5b9c4"}
,"/home/jhhernan/node/artisthubserver/src/routes/post.js": {"path":"/home/jhhernan/node/artisthubserver/src/routes/post.js","statementMap":{"0":{"start":{"line":1,"column":15},"end":{"line":1,"column":42}},"1":{"start":{"line":2,"column":23},"end":{"line":2,"column":64}},"2":{"start":{"line":3,"column":34},"end":{"line":3,"column":64}},"3":{"start":{"line":4,"column":21},"end":{"line":4,"column":46}},"4":{"start":{"line":6,"column":0},"end":{"line":6,"column":49}},"5":{"start":{"line":7,"column":0},"end":{"line":7,"column":62}},"6":{"start":{"line":8,"column":0},"end":{"line":8,"column":70}},"7":{"start":{"line":9,"column":0},"end":{"line":9,"column":50}},"8":{"start":{"line":10,"column":0},"end":{"line":10,"column":64}},"9":{"start":{"line":14,"column":0},"end":{"line":14,"column":80}},"10":{"start":{"line":15,"column":0},"end":{"line":15,"column":82}},"11":{"start":{"line":17,"column":0},"end":{"line":17,"column":91}},"12":{"start":{"line":21,"column":0},"end":{"line":21,"column":24}}},"fnMap":{},"branchMap":{},"s":{"0":4,"1":4,"2":4,"3":4,"4":4,"5":4,"6":4,"7":4,"8":4,"9":4,"10":4,"11":4,"12":4},"f":{},"b":{},"_coverageSchema":"1a1c01bbd47fc00a2c39e90264f33305004495a9","hash":"0195c483f48efa70d7357389a4e4e841adc4ffe8"}
,"/home/jhhernan/node/artisthubserver/src/routes/provider.js": {"path":"/home/jhhernan/node/artisthubserver/src/routes/provider.js","statementMap":{"0":{"start":{"line":1,"column":15},"end":{"line":1,"column":42}},"1":{"start":{"line":2,"column":27},"end":{"line":2,"column":72}},"2":{"start":{"line":3,"column":18},"end":{"line":3,"column":48}},"3":{"start":{"line":6,"column":0},"end":{"line":6,"column":53}},"4":{"start":{"line":8,"column":0},"end":{"line":8,"column":54}},"5":{"start":{"line":9,"column":0},"end":{"line":9,"column":55}},"6":{"start":{"line":10,"column":0},"end":{"line":10,"column":58}},"7":{"start":{"line":12,"column":0},"end":{"line":12,"column":56}},"8":{"start":{"line":13,"column":0},"end":{"line":13,"column":56}},"9":{"start":{"line":15,"column":0},"end":{"line":15,"column":24}}},"fnMap":{},"branchMap":{},"s":{"0":4,"1":4,"2":4,"3":4,"4":4,"5":4,"6":4,"7":4,"8":4,"9":4},"f":{},"b":{},"_coverageSchema":"1a1c01bbd47fc00a2c39e90264f33305004495a9","hash":"44ffacc13362f58e3e86c6651312e68fec7a483f"}
,"/home/jhhernan/node/artisthubserver/src/routes/user.js": {"path":"/home/jhhernan/node/artisthubserver/src/routes/user.js","statementMap":{"0":{"start":{"line":1,"column":15},"end":{"line":1,"column":42}},"1":{"start":{"line":2,"column":23},"end":{"line":2,"column":64}},"2":{"start":{"line":3,"column":18},"end":{"line":3,"column":48}},"3":{"start":{"line":6,"column":0},"end":{"line":6,"column":49}},"4":{"start":{"line":8,"column":0},"end":{"line":8,"column":51}},"5":{"start":{"line":9,"column":0},"end":{"line":9,"column":51}},"6":{"start":{"line":10,"column":0},"end":{"line":10,"column":55}},"7":{"start":{"line":12,"column":0},"end":{"line":12,"column":52}},"8":{"start":{"line":13,"column":0},"end":{"line":13,"column":52}},"9":{"start":{"line":15,"column":0},"end":{"line":15,"column":24}}},"fnMap":{},"branchMap":{},"s":{"0":4,"1":4,"2":4,"3":4,"4":4,"5":4,"6":4,"7":4,"8":4,"9":4},"f":{},"b":{},"_coverageSchema":"1a1c01bbd47fc00a2c39e90264f33305004495a9","hash":"e311d2934c5ea00ca13f4087b985d89c1d4bdf70"}
,"/home/jhhernan/node/artisthubserver/src/utils/cloud.js": {"path":"/home/jhhernan/node/artisthubserver/src/utils/cloud.js","statementMap":{"0":{"start":{"line":1,"column":15},"end":{"line":1,"column":32}},"1":{"start":{"line":2,"column":19},"end":{"line":2,"column":43}},"2":{"start":{"line":4,"column":0},"end":{"line":8,"column":3}},"3":{"start":{"line":10,"column":0},"end":{"line":55,"column":1}},"4":{"start":{"line":12,"column":24},"end":{"line":12,"column":29}},"5":{"start":{"line":15,"column":6},"end":{"line":15,"column":32}},"6":{"start":{"line":15,"column":25},"end":{"line":15,"column":32}},"7":{"start":{"line":16,"column":6},"end":{"line":16,"column":13}},"8":{"start":{"line":19,"column":19},"end":{"line":19,"column":55}},"9":{"start":{"line":20,"column":4},"end":{"line":20,"column":18}},"10":{"start":{"line":22,"column":4},"end":{"line":24,"column":7}},"11":{"start":{"line":23,"column":6},"end":{"line":23,"column":26}},"12":{"start":{"line":26,"column":4},"end":{"line":47,"column":7}},"13":{"start":{"line":27,"column":6},"end":{"line":27,"column":27}},"14":{"start":{"line":28,"column":21},"end":{"line":38,"column":7}},"15":{"start":{"line":31,"column":10},"end":{"line":33,"column":11}},"16":{"start":{"line":32,"column":12},"end":{"line":32,"column":42}},"17":{"start":{"line":34,"column":10},"end":{"line":34,"column":36}},"18":{"start":{"line":35,"column":10},"end":{"line":35,"column":32}},"19":{"start":{"line":36,"column":10},"end":{"line":36,"column":17}},"20":{"start":{"line":40,"column":6},"end":{"line":42,"column":9}},"21":{"start":{"line":41,"column":8},"end":{"line":41,"column":27}},"22":{"start":{"line":44,"column":6},"end":{"line":46,"column":8}},"23":{"start":{"line":45,"column":8},"end":{"line":45,"column":21}},"24":{"start":{"line":49,"column":4},"end":{"line":51,"column":7}},"25":{"start":{"line":50,"column":6},"end":{"line":50,"column":13}},"26":{"start":{"line":53,"column":4},"end":{"line":53,"column":21}}},"fnMap":{"0":{"name":"(anonymous_0)","decl":{"start":{"line":11,"column":2},"end":{"line":11,"column":3}},"loc":{"start":{"line":11,"column":27},"end":{"line":54,"column":3}},"line":11},"1":{"name":"done","decl":{"start":{"line":14,"column":13},"end":{"line":14,"column":17}},"loc":{"start":{"line":14,"column":20},"end":{"line":17,"column":5}},"line":14},"2":{"name":"(anonymous_2)","decl":{"start":{"line":22,"column":23},"end":{"line":22,"column":24}},"loc":{"start":{"line":22,"column":37},"end":{"line":24,"column":5}},"line":22},"3":{"name":"(anonymous_3)","decl":{"start":{"line":26,"column":22},"end":{"line":26,"column":23}},"loc":{"start":{"line":26,"column":43},"end":{"line":47,"column":5}},"line":26},"4":{"name":"(anonymous_4)","decl":{"start":{"line":30,"column":8},"end":{"line":30,"column":9}},"loc":{"start":{"line":30,"column":22},"end":{"line":37,"column":9}},"line":30},"5":{"name":"(anonymous_5)","decl":{"start":{"line":40,"column":22},"end":{"line":40,"column":23}},"loc":{"start":{"line":40,"column":30},"end":{"line":42,"column":7}},"line":40},"6":{"name":"(anonymous_6)","decl":{"start":{"line":44,"column":21},"end":{"line":44,"column":22}},"loc":{"start":{"line":44,"column":27},"end":{"line":46,"column":7}},"line":44},"7":{"name":"(anonymous_7)","decl":{"start":{"line":49,"column":24},"end":{"line":49,"column":25}},"loc":{"start":{"line":49,"column":30},"end":{"line":51,"column":5}},"line":49}},"branchMap":{"0":{"loc":{"start":{"line":15,"column":6},"end":{"line":15,"column":32}},"type":"if","locations":[{"start":{"line":15,"column":6},"end":{"line":15,"column":32}},{"start":{"line":15,"column":6},"end":{"line":15,"column":32}}],"line":15},"1":{"loc":{"start":{"line":31,"column":10},"end":{"line":33,"column":11}},"type":"if","locations":[{"start":{"line":31,"column":10},"end":{"line":33,"column":11}},{"start":{"line":31,"column":10},"end":{"line":33,"column":11}}],"line":31}},"s":{"0":4,"1":4,"2":4,"3":4,"4":11,"5":21,"6":10,"7":11,"8":11,"9":11,"10":11,"11":24,"12":11,"13":10,"14":10,"15":10,"16":0,"17":10,"18":10,"19":10,"20":10,"21":35,"22":10,"23":10,"24":11,"25":11,"26":11},"f":{"0":11,"1":21,"2":24,"3":10,"4":10,"5":35,"6":10,"7":11},"b":{"0":[10,11],"1":[0,10]},"_coverageSchema":"1a1c01bbd47fc00a2c39e90264f33305004495a9","hash":"8deec10384762e3fc0aabbc11a4eba294a932eb6"}
,"/home/jhhernan/node/artisthubserver/src/utils/middleware.js": {"path":"/home/jhhernan/node/artisthubserver/src/utils/middleware.js","statementMap":{"0":{"start":{"line":1,"column":12},"end":{"line":1,"column":35}},"1":{"start":{"line":2,"column":13},"end":{"line":2,"column":44}},"2":{"start":{"line":6,"column":0},"end":{"line":37,"column":1}},"3":{"start":{"line":9,"column":8},"end":{"line":15,"column":9}},"4":{"start":{"line":10,"column":26},"end":{"line":10,"column":51}},"5":{"start":{"line":11,"column":12},"end":{"line":11,"column":67}},"6":{"start":{"line":12,"column":12},"end":{"line":12,"column":19}},"7":{"start":{"line":14,"column":12},"end":{"line":14,"column":61}},"8":{"start":{"line":19,"column":8},"end":{"line":35,"column":9}},"9":{"start":{"line":21,"column":26},"end":{"line":21,"column":51}},"10":{"start":{"line":22,"column":12},"end":{"line":22,"column":67}},"11":{"start":{"line":24,"column":25},"end":{"line":24,"column":63}},"12":{"start":{"line":25,"column":12},"end":{"line":27,"column":13}},"13":{"start":{"line":26,"column":16},"end":{"line":26,"column":49}},"14":{"start":{"line":28,"column":12},"end":{"line":32,"column":13}},"15":{"start":{"line":29,"column":16},"end":{"line":29,"column":23}},"16":{"start":{"line":31,"column":16},"end":{"line":31,"column":63}},"17":{"start":{"line":34,"column":12},"end":{"line":34,"column":61}}},"fnMap":{"0":{"name":"(anonymous_0)","decl":{"start":{"line":8,"column":4},"end":{"line":8,"column":5}},"loc":{"start":{"line":8,"column":31},"end":{"line":16,"column":5}},"line":8},"1":{"name":"(anonymous_1)","decl":{"start":{"line":18,"column":4},"end":{"line":18,"column":5}},"loc":{"start":{"line":18,"column":33},"end":{"line":36,"column":5}},"line":18}},"branchMap":{"0":{"loc":{"start":{"line":25,"column":12},"end":{"line":27,"column":13}},"type":"if","locations":[{"start":{"line":25,"column":12},"end":{"line":27,"column":13}},{"start":{"line":25,"column":12},"end":{"line":27,"column":13}}],"line":25},"1":{"loc":{"start":{"line":28,"column":12},"end":{"line":32,"column":13}},"type":"if","locations":[{"start":{"line":28,"column":12},"end":{"line":32,"column":13}},{"start":{"line":28,"column":12},"end":{"line":32,"column":13}}],"line":28}},"s":{"0":4,"1":4,"2":4,"3":23,"4":23,"5":23,"6":21,"7":2,"8":3,"9":3,"10":3,"11":3,"12":3,"13":0,"14":3,"15":3,"16":0,"17":0},"f":{"0":23,"1":3},"b":{"0":[0,3],"1":[3,0]},"_coverageSchema":"1a1c01bbd47fc00a2c39e90264f33305004495a9","hash":"894e878fc5cdf9353c79fb1ac0f7d5b8ca64c48b"}
}
