TN:
SF:src/app.js
FN:16,(anonymous_0)
FNF:1
FNH:1
FNDA:1,(anonymous_0)
DA:1,4
DA:2,4
DA:3,4
DA:4,4
DA:5,4
DA:6,4
DA:8,4
DA:11,4
DA:12,4
DA:13,4
DA:14,4
DA:16,4
DA:17,1
DA:20,4
DA:21,4
DA:22,4
DA:24,4
LF:17
LH:17
BRF:0
BRH:0
end_of_record
TN:
SF:src/db.js
FN:3,initDatabase
FN:15,(anonymous_1)
FN:16,(anonymous_2)
FNF:3
FNH:2
FNDA:4,initDatabase
FNDA:4,(anonymous_1)
FNDA:0,(anonymous_2)
DA:1,4
DA:5,4
DA:11,4
DA:13,4
DA:15,4
DA:16,4
DA:18,4
DA:22,4
LF:8
LH:8
BRF:0
BRH:0
end_of_record
TN:
SF:src/controllers/post.controller.js
FN:5,(anonymous_0)
FN:10,(anonymous_1)
FN:20,(anonymous_2)
FN:40,(anonymous_3)
FN:51,(anonymous_4)
FN:57,(anonymous_5)
FN:62,(anonymous_6)
FN:67,(anonymous_7)
FNF:8
FNH:8
FNDA:1,(anonymous_0)
FNDA:9,(anonymous_1)
FNDA:2,(anonymous_2)
FNDA:1,(anonymous_3)
FNDA:1,(anonymous_4)
FNDA:1,(anonymous_5)
FNDA:1,(anonymous_6)
FNDA:1,(anonymous_7)
DA:1,4
DA:4,4
DA:6,1
DA:7,1
DA:8,1
DA:11,9
DA:13,9
DA:14,9
DA:15,8
DA:17,1
DA:21,2
DA:23,2
DA:24,1
DA:25,1
DA:27,1
DA:29,2
DA:32,2
DA:33,2
DA:34,2
DA:36,0
DA:42,1
DA:43,1
DA:44,1
DA:45,1
DA:48,0
DA:53,1
DA:54,1
DA:55,1
DA:58,1
DA:59,1
DA:60,1
DA:63,1
DA:64,1
DA:65,1
DA:68,1
DA:69,1
DA:70,1
DA:71,1
LF:38
LH:36
BRDA:23,0,0,1
BRDA:23,0,1,1
BRF:2
BRH:2
end_of_record
TN:
SF:src/controllers/provider.controller.js
FN:6,(anonymous_0)
FN:10,(anonymous_1)
FN:31,(anonymous_2)
FN:53,(anonymous_3)
FN:61,(anonymous_4)
FN:66,(anonymous_5)
FNF:6
FNH:6
FNDA:1,(anonymous_0)
FNDA:8,(anonymous_1)
FNDA:3,(anonymous_2)
FNDA:1,(anonymous_3)
FNDA:1,(anonymous_4)
FNDA:1,(anonymous_5)
DA:1,4
DA:2,4
DA:3,4
DA:5,4
DA:7,1
DA:8,1
DA:11,8
DA:12,8
DA:13,1
DA:15,7
DA:16,1
DA:19,6
DA:20,6
DA:21,6
DA:23,5
DA:25,5
DA:28,3
DA:32,3
DA:34,3
DA:35,3
DA:36,1
DA:39,2
DA:40,2
DA:41,2
DA:42,1
DA:43,1
DA:45,1
DA:50,1
DA:54,1
DA:57,1
DA:58,1
DA:59,1
DA:62,1
DA:63,1
DA:64,1
DA:67,1
DA:68,1
DA:69,1
LF:38
LH:38
BRDA:12,0,0,1
BRDA:12,0,1,7
BRDA:15,1,0,1
BRDA:15,1,1,6
BRDA:35,2,0,1
BRDA:35,2,1,2
BRDA:41,3,0,1
BRDA:41,3,1,1
BRF:8
BRH:8
end_of_record
TN:
SF:src/controllers/user.controller.js
FN:6,(anonymous_0)
FN:10,(anonymous_1)
FN:24,(anonymous_2)
FN:44,(anonymous_3)
FN:52,(anonymous_4)
FN:57,(anonymous_5)
FNF:6
FNH:6
FNDA:1,(anonymous_0)
FNDA:9,(anonymous_1)
FNDA:3,(anonymous_2)
FNDA:1,(anonymous_3)
FNDA:1,(anonymous_4)
FNDA:1,(anonymous_5)
DA:1,4
DA:2,4
DA:3,4
DA:5,4
DA:7,1
DA:8,1
DA:11,9
DA:12,9
DA:13,9
DA:14,9
DA:16,6
DA:19,6
DA:21,3
DA:25,3
DA:26,3
DA:27,3
DA:28,1
DA:31,2
DA:32,2
DA:33,2
DA:34,1
DA:35,1
DA:37,1
DA:41,1
DA:45,1
DA:48,1
DA:49,1
DA:50,1
DA:53,1
DA:54,1
DA:55,1
DA:58,1
DA:59,1
DA:60,1
LF:34
LH:34
BRDA:27,0,0,1
BRDA:27,0,1,2
BRDA:33,1,0,1
BRDA:33,1,1,1
BRF:4
BRH:4
end_of_record
TN:
SF:src/models/post.model.js
FNF:0
FNH:0
DA:1,4
DA:3,4
DA:30,4
DA:32,4
LF:4
LH:4
BRF:0
BRH:0
end_of_record
TN:
SF:src/models/provider.model.js
FN:4,(anonymous_0)
FN:6,(anonymous_1)
FN:7,(anonymous_2)
FNF:3
FNH:2
FNDA:9,(anonymous_0)
FNDA:9,(anonymous_1)
FNDA:0,(anonymous_2)
DA:1,4
DA:3,4
DA:5,9
DA:6,9
DA:7,0
DA:11,4
DA:41,4
DA:43,4
LF:8
LH:7
BRF:0
BRH:0
end_of_record
TN:
SF:src/models/user.model.js
FN:7,(anonymous_0)
FN:9,(anonymous_1)
FN:10,(anonymous_2)
FNF:3
FNH:2
FNDA:13,(anonymous_0)
FNDA:13,(anonymous_1)
FNDA:0,(anonymous_2)
DA:1,4
DA:4,4
DA:6,4
DA:8,13
DA:9,13
DA:10,0
DA:15,4
DA:44,4
DA:46,4
LF:9
LH:8
BRF:0
BRH:0
end_of_record
TN:
SF:src/routes/post.js
FNF:0
FNH:0
DA:1,4
DA:2,4
DA:3,4
DA:4,4
DA:6,4
DA:7,4
DA:8,4
DA:9,4
DA:10,4
DA:14,4
DA:15,4
DA:17,4
DA:21,4
LF:13
LH:13
BRF:0
BRH:0
end_of_record
TN:
SF:src/routes/provider.js
FNF:0
FNH:0
DA:1,4
DA:2,4
DA:3,4
DA:6,4
DA:8,4
DA:9,4
DA:10,4
DA:12,4
DA:13,4
DA:15,4
LF:10
LH:10
BRF:0
BRH:0
end_of_record
TN:
SF:src/routes/user.js
FNF:0
FNH:0
DA:1,4
DA:2,4
DA:3,4
DA:6,4
DA:8,4
DA:9,4
DA:10,4
DA:12,4
DA:13,4
DA:15,4
LF:10
LH:10
BRF:0
BRH:0
end_of_record
TN:
SF:src/utils/cloud.js
FN:11,(anonymous_0)
FN:14,done
FN:22,(anonymous_2)
FN:26,(anonymous_3)
FN:30,(anonymous_4)
FN:40,(anonymous_5)
FN:44,(anonymous_6)
FN:49,(anonymous_7)
FNF:8
FNH:8
FNDA:11,(anonymous_0)
FNDA:21,done
FNDA:24,(anonymous_2)
FNDA:10,(anonymous_3)
FNDA:10,(anonymous_4)
FNDA:35,(anonymous_5)
FNDA:10,(anonymous_6)
FNDA:11,(anonymous_7)
DA:1,4
DA:2,4
DA:4,4
DA:10,4
DA:12,11
DA:15,21
DA:16,11
DA:19,11
DA:20,11
DA:22,11
DA:23,24
DA:26,11
DA:27,10
DA:28,10
DA:31,10
DA:32,0
DA:34,10
DA:35,10
DA:36,10
DA:40,10
DA:41,35
DA:44,10
DA:45,10
DA:49,11
DA:50,11
DA:53,11
LF:26
LH:25
BRDA:15,0,0,10
BRDA:15,0,1,11
BRDA:31,1,0,0
BRDA:31,1,1,10
BRF:4
BRH:3
end_of_record
TN:
SF:src/utils/middleware.js
FN:8,(anonymous_0)
FN:18,(anonymous_1)
FNF:2
FNH:2
FNDA:23,(anonymous_0)
FNDA:3,(anonymous_1)
DA:1,4
DA:2,4
DA:6,4
DA:9,23
DA:10,23
DA:11,23
DA:12,21
DA:14,2
DA:19,3
DA:21,3
DA:22,3
DA:24,3
DA:25,3
DA:26,0
DA:28,3
DA:29,3
DA:31,0
DA:34,0
LF:18
LH:15
BRDA:25,0,0,0
BRDA:25,0,1,3
BRDA:28,1,0,3
BRDA:28,1,1,0
BRF:4
BRH:2
end_of_record
